C:\USERS\QRC\DESKTOP\COCOCODE - 副本\COCOCODE\DEBUG\CHILDFRM.OBJ
C:\Users\qrc\Desktop\CocoCode - 副本\CocoCode\Debug\cl.command.1.tlog
C:\Users\qrc\Desktop\CocoCode - 副本\CocoCode\Debug\CL.read.1.tlog
C:\Users\qrc\Desktop\CocoCode - 副本\CocoCode\Debug\CL.write.1.tlog
C:\USERS\QRC\DESKTOP\COCOCODE - 副本\COCOCODE\DEBUG\CNTRITEM.OBJ
C:\USERS\QRC\DESKTOP\COCOCODE - 副本\COCOCODE\DEBUG\COCOCODE.EXE.EMBED.MANIFEST
C:\USERS\QRC\DESKTOP\COCOCODE - 副本\COCOCODE\DEBUG\COCOCODE.EXE.EMBED.MANIFEST.RES
C:\Users\qrc\Desktop\CocoCode - 副本\CocoCode\Debug\CocoCode.exe.intermediate.manifest
C:\USERS\QRC\DESKTOP\COCOCODE - 副本\COCOCODE\DEBUG\COCOCODE.OBJ
C:\USERS\QRC\DESKTOP\COCOCODE - 副本\COCOCODE\DEBUG\COCOCODE.PCH
C:\USERS\QRC\DESKTOP\COCOCODE - 副本\COCOCODE\DEBUG\COCOCODE.RES
C:\Users\qrc\Desktop\CocoCode - 副本\CocoCode\Debug\CocoCode_manifest.rc
C:\USERS\QRC\DESKTOP\COCOCODE - 副本\COCOCODE\DEBUG\COCOCODEDOC.OBJ
C:\USERS\QRC\DESKTOP\COCOCODE - 副本\COCOCODE\DEBUG\COCOCODEVIEW.OBJ
C:\USERS\QRC\DESKTOP\COCOCODE - 副本\COCOCODE\DEBUG\COMPILER.OBJ
C:\Users\qrc\Desktop\CocoCode - 副本\CocoCode\Debug\link.command.1.tlog
C:\Users\qrc\Desktop\CocoCode - 副本\CocoCode\Debug\link.read.1.tlog
C:\Users\qrc\Desktop\CocoCode - 副本\CocoCode\Debug\link.write.1.tlog
C:\Users\qrc\Desktop\CocoCode - 副本\CocoCode\Debug\link-cvtres.read.1.tlog
C:\Users\qrc\Desktop\CocoCode - 副本\CocoCode\Debug\link-cvtres.write.1.tlog
C:\USERS\QRC\DESKTOP\COCOCODE - 副本\COCOCODE\DEBUG\MAINFRM.OBJ
C:\Users\qrc\Desktop\CocoCode - 副本\CocoCode\Debug\mt.command.1.tlog
C:\Users\qrc\Desktop\CocoCode - 副本\CocoCode\Debug\mt.read.1.tlog
C:\Users\qrc\Desktop\CocoCode - 副本\CocoCode\Debug\mt.write.1.tlog
C:\USERS\QRC\DESKTOP\COCOCODE - 副本\COCOCODE\DEBUG\POPLISTCTRL.OBJ
C:\USERS\QRC\DESKTOP\COCOCODE - 副本\COCOCODE\DEBUG\POPUOLISTBOX.OBJ
C:\Users\qrc\Desktop\CocoCode - 副本\CocoCode\Debug\rc.command.1.tlog
C:\Users\qrc\Desktop\CocoCode - 副本\CocoCode\Debug\rc.read.1.tlog
C:\Users\qrc\Desktop\CocoCode - 副本\CocoCode\Debug\rc.write.1.tlog
C:\USERS\QRC\DESKTOP\COCOCODE - 副本\COCOCODE\DEBUG\STDAFX.OBJ
C:\Users\qrc\Desktop\CocoCode - 副本\CocoCode\Debug\vc100.idb
C:\USERS\QRC\DESKTOP\COCOCODE - 副本\COCOCODE\DEBUG\VC100.PDB
C:\Users\qrc\Desktop\CocoCode - 副本\Debug\CocoCode.pdb
