生成启动时间为 2011/2/27 4:19:24。
     1>项目“C:\Users\qrc\Desktop\CocoCode - 副本\CocoCode\CocoCode.vcxproj”在节点 2 上(build 个目标)。
     1>InitializeBuildStatus:
         正在创建“Debug\CocoCode.unsuccessfulbuild”，因为已指定“AlwaysCreate”。
       ClCompile:
         所有输出均为最新。
         C:\Program Files\Microsoft Visual Studio 10.0\VC\bin\CL.exe /c /ZI /nologo /W3 /WX- /Od /Oy- /D WIN32 /D _WINDOWS /D _DEBUG /D _UNICODE /D UNICODE /D _AFXDLL /Gm /EHsc /RTC1 /MDd /GS /fp:precise /Zc:wchar_t /Zc:forScope /Yu"StdAfx.h" /Fp"Debug\CocoCode.pch" /Fo"Debug\\" /Fd"Debug\vc100.pdb" /Gd /TP /analyze- /errorReport:prompt Compiler.cpp
         Compiler.cpp
     1>c:\users\qrc\desktop\cococode - 副本\cococode\compiler.cpp(15): warning C4800: “BOOL”: 将值强制为布尔值“true”或“false”(性能警告)
     1>c:\users\qrc\desktop\cococode - 副本\cococode\compiler.cpp(24): warning C4800: “BOOL”: 将值强制为布尔值“true”或“false”(性能警告)
     1>c:\users\qrc\desktop\cococode - 副本\cococode\compiler.cpp(58): warning C4244: “参数”: 从“WCHAR”转换到“char”，可能丢失数据
       ResourceCompile:
         所有输出均为最新。
       ManifestResourceCompile:
         所有输出均为最新。
       Link:
         C:\Program Files\Microsoft Visual Studio 10.0\VC\bin\link.exe /ERRORREPORT:PROMPT /OUT:"C:\Users\qrc\Desktop\CocoCode - 副本\Debug\CocoCode.exe" /INCREMENTAL /NOLOGO AutoCompletion.lib FileConnect.lib /MANIFEST /ManifestFile:"Debug\CocoCode.exe.intermediate.manifest" /MANIFESTUAC:"level='asInvoker' uiAccess='false'" /DEBUG /PDB:"C:\Users\qrc\Desktop\CocoCode - 副本\Debug\CocoCode.pdb" /SUBSYSTEM:WINDOWS /TLBID:1 /ENTRY:"wWinMainCRTStartup" /DYNAMICBASE /NXCOMPAT /IMPLIB:"C:\Users\qrc\Desktop\CocoCode - 副本\Debug\CocoCode.lib" /MACHINE:X86 Debug\CocoCode.res
         Debug\CocoCode.exe.embed.manifest.res
         Debug\ChildFrm.obj
         Debug\CntrItem.obj
         Debug\CocoCode.obj
         Debug\CocoCodeDoc.obj
         Debug\CocoCodeView.obj
         Debug\Compiler.obj
         Debug\MainFrm.obj
         Debug\PopListCtrl.obj
         Debug\PopuoListBox.obj
         Debug\stdafx.obj
       Manifest:
         C:\Program Files\Microsoft SDKs\Windows\v7.0A\bin\mt.exe /nologo /verbose /out:"Debug\CocoCode.exe.embed.manifest" /manifest Debug\CocoCode.exe.intermediate.manifest "C:\Program Files\Microsoft Visual Studio 10.0\VC\Include\Manifest\dpiaware.manifest"
         所有输出均为最新。
       LinkEmbedManifest:
         所有输出均为最新。
         CocoCode.vcxproj -> C:\Users\qrc\Desktop\CocoCode - 副本\Debug\CocoCode.exe
       FinalizeBuildStatus:
         正在删除文件“Debug\CocoCode.unsuccessfulbuild”。
         正在对“Debug\CocoCode.lastbuildstate”执行 Touch 任务。
     1>已完成生成项目“C:\Users\qrc\Desktop\CocoCode - 副本\CocoCode\CocoCode.vcxproj”(build 个目标)的操作。

生成成功。

已用时间 00:00:02.79
